<?xml version="1.0" encoding="UTF-8"?>
<testng-results ignored="0" total="1" passed="1" failed="0" skipped="0">
  <reporter-output>
  </reporter-output>
  <suite started-at="2024-03-13T15:56:30 IST" name="Default suite" finished-at="2024-03-13T15:56:53 IST" duration-ms="23335">
    <groups>
    </groups>
    <test started-at="2024-03-13T15:56:30 IST" name="Default test" finished-at="2024-03-13T15:56:53 IST" duration-ms="23335">
      <class name="TMS_Regression_Suite.Project_Task_Creation">
        <test-method is-config="true" signature="Report_setup()[pri:0, instance:TMS_Regression_Suite.Project_Task_Creation@58695725]" started-at="2024-03-13T15:56:30 IST" name="Report_setup" finished-at="2024-03-13T15:56:30 IST" duration-ms="178" status="PASS">
          <reporter-output>
          </reporter-output>
        </test-method> <!-- Report_setup -->
        <test-method is-config="true" signature="launch()[pri:0, instance:TMS_Regression_Suite.Project_Task_Creation@58695725]" started-at="2024-03-13T15:56:30 IST" name="launch" finished-at="2024-03-13T15:56:38 IST" duration-ms="8098" status="PASS">
          <reporter-output>
          </reporter-output>
        </test-method> <!-- launch -->
        <test-method signature="Submit_timesheetWithout_isbillabletoggle()[pri:6, instance:TMS_Regression_Suite.Project_Task_Creation@58695725]" started-at="2024-03-13T15:56:38 IST" name="Submit_timesheetWithout_isbillabletoggle" description="Submit the TimesheetWithout clicking on IsBillable toggle." finished-at="2024-03-13T15:56:49 IST" duration-ms="11422" status="PASS">
          <reporter-output>
          </reporter-output>
        </test-method> <!-- Submit_timesheetWithout_isbillabletoggle -->
        <test-method is-config="true" signature="tearDown(org.testng.ITestResult)[pri:0, instance:TMS_Regression_Suite.Project_Task_Creation@58695725]" started-at="2024-03-13T15:56:49 IST" name="tearDown" finished-at="2024-03-13T15:56:53 IST" duration-ms="3269" status="PASS">
          <params>
            <param index="0">
              <value>
                <![CDATA[[TestResult name=Submit_timesheetWithout_isbillabletoggle status=SUCCESS method=Project_Task_Creation.Submit_timesheetWithout_isbillabletoggle()[pri:6, instance:TMS_Regression_Suite.Project_Task_Creation@58695725] output={null}]]]>
              </value>
            </param>
          </params>
          <reporter-output>
          </reporter-output>
        </test-method> <!-- tearDown -->
        <test-method is-config="true" signature="report_flush()[pri:0, instance:TMS_Regression_Suite.Project_Task_Creation@58695725]" started-at="2024-03-13T15:56:53 IST" name="report_flush" finished-at="2024-03-13T15:56:53 IST" duration-ms="316" status="PASS">
          <reporter-output>
          </reporter-output>
        </test-method> <!-- report_flush -->
      </class> <!-- TMS_Regression_Suite.Project_Task_Creation -->
    </test> <!-- Default test -->
  </suite> <!-- Default suite -->
</testng-results>
